[01m[K/home/xedy/ros2_ws/src/jackal_wall_follower/src/main_node.cpp:[m[K In member function â€˜[01m[Kvoid WallFollowNode::control_loop()[m[Kâ€™:
[01m[K/home/xedy/ros2_ws/src/jackal_wall_follower/src/main_node.cpp:40:50:[m[K [01;31m[Kerror: [m[Kconversion from â€˜[01m[Kvector<[01;32m[Kfloat[m[K,allocator<[01;32m[Kfloat[m[K>>[m[Kâ€™ to non-scalar type â€˜[01m[Kvector<[01;32m[Kdouble[m[K,allocator<[01;32m[Kdouble[m[K>>[m[Kâ€™ requested
   40 |         std::vector<double> clean_ranges = [01;31m[Kscan->ranges[m[K;
      |                                            [01;31m[K~~~~~~^~~~~~[m[K
gmake[2]: *** [CMakeFiles/main_node.dir/build.make:76: CMakeFiles/main_node.dir/src/main_node.cpp.o] Error 1
gmake[1]: *** [CMakeFiles/Makefile2:137: CMakeFiles/main_node.dir/all] Error 2
gmake: *** [Makefile:146: all] Error 2
