[0.007s] Invoking command in '/home/xedy/ros2_ws/build/jackal_wall_follower': CMAKE_PREFIX_PATH=/opt/ros/humble /usr/bin/cmake --build /home/xedy/ros2_ws/build/jackal_wall_follower -- -j16 -l16
[0.039s] [35m[1mConsolidate compiler generated dependencies of target main_node[0m
[0.051s] [ 50%] [32mBuilding CXX object CMakeFiles/main_node.dir/src/main_node.cpp.o[0m
[1.614s] [01m[K/home/xedy/ros2_ws/src/jackal_wall_follower/src/main_node.cpp:[m[K In member function â€˜[01m[Kvoid WallFollowNode::control_loop()[m[Kâ€™:
[1.614s] [01m[K/home/xedy/ros2_ws/src/jackal_wall_follower/src/main_node.cpp:40:50:[m[K [01;31m[Kerror: [m[Kconversion from â€˜[01m[Kvector<[01;32m[Kfloat[m[K,allocator<[01;32m[Kfloat[m[K>>[m[Kâ€™ to non-scalar type â€˜[01m[Kvector<[01;32m[Kdouble[m[K,allocator<[01;32m[Kdouble[m[K>>[m[Kâ€™ requested
[1.614s]    40 |         std::vector<double> clean_ranges = [01;31m[Kscan->ranges[m[K;
[1.614s]       |                                            [01;31m[K~~~~~~^~~~~~[m[K
[3.605s] gmake[2]: *** [CMakeFiles/main_node.dir/build.make:76: CMakeFiles/main_node.dir/src/main_node.cpp.o] Error 1
[3.606s] gmake[1]: *** [CMakeFiles/Makefile2:137: CMakeFiles/main_node.dir/all] Error 2
[3.606s] gmake: *** [Makefile:146: all] Error 2
[3.609s] Invoked command in '/home/xedy/ros2_ws/build/jackal_wall_follower' returned '2': CMAKE_PREFIX_PATH=/opt/ros/humble /usr/bin/cmake --build /home/xedy/ros2_ws/build/jackal_wall_follower -- -j16 -l16
